The system is: Windows - 10.0.19045 - AMD64
Compiling the CXX compiler identification source file "CMakeCXXCompilerId.cpp" succeeded.
Compiler: D:/cygwin64/bin/c++.exe 
Build flags: 
Id flags:  

The output was:
0


Compilation of the CXX compiler identification source "CMakeCXXCompilerId.cpp" produced "a.exe"

The CXX compiler identification is GNU, found in "E:/0_github/self/Algorithms_and_data_structures/build/CMakeFiles/3.20.21032501-MSVC_2/CompilerIdCXX/a.exe"

Detecting C compiler ABI info compiled with the following output:
Change Dir: E:/0_github/self/Algorithms_and_data_structures/build/CMakeFiles/CMakeTmp

Run Build Command(s):D:/cygwin64/bin/make.exe -f Makefile cmTC_67d01/fast && /usr/bin/make  -f CMakeFiles/cmTC_67d01.dir/build.make CMakeFiles/cmTC_67d01.dir/build
make[1]: Entering directory '/cygdrive/e/0_github/self/Algorithms_and_data_structures/build/CMakeFiles/CMakeTmp'
Building C object CMakeFiles/cmTC_67d01.dir/CMakeCCompilerABI.c.obj
D:/cygwin64/bin/cc    -o CMakeFiles/cmTC_67d01.dir/CMakeCCompilerABI.c.obj -c "D:/Program Files (x86)/Microsoft Visual Studio/2019/Community/Common7/IDE/CommonExtensions/Microsoft/CMake/CMake/share/cmake-3.20/Modules/CMakeCCompilerABI.c"
Linking C executable cmTC_67d01.exe
D:/cygwin64/bin/cc "CMakeFiles/cmTC_67d01.dir/CMakeCCompilerABI.c.obj"  -o cmTC_67d01.exe 
make[1]: Leaving directory '/cygdrive/e/0_github/self/Algorithms_and_data_structures/build/CMakeFiles/CMakeTmp'



Detecting CXX compiler ABI info compiled with the following output:
Change Dir: E:/0_github/self/Algorithms_and_data_structures/build/CMakeFiles/CMakeTmp

Run Build Command(s):D:/cygwin64/bin/make.exe -f Makefile cmTC_f5c7c/fast && /usr/bin/make  -f CMakeFiles/cmTC_f5c7c.dir/build.make CMakeFiles/cmTC_f5c7c.dir/build
make[1]: Entering directory '/cygdrive/e/0_github/self/Algorithms_and_data_structures/build/CMakeFiles/CMakeTmp'
Building CXX object CMakeFiles/cmTC_f5c7c.dir/CMakeCXXCompilerABI.cpp.o
D:/cygwin64/bin/c++.exe   -v -o CMakeFiles/cmTC_f5c7c.dir/CMakeCXXCompilerABI.cpp.o -c "D:/Program Files (x86)/Microsoft Visual Studio/2019/Community/Common7/IDE/CommonExtensions/Microsoft/CMake/CMake/share/cmake-3.20/Modules/CMakeCXXCompilerABI.cpp"
Using built-in specs.
COLLECT_GCC=D:/cygwin64/bin/c++
Target: x86_64-pc-cygwin
Configured with: /mnt/share/cygpkgs/gcc/gcc.x86_64/src/gcc-11.2.0/configure --srcdir=/mnt/share/cygpkgs/gcc/gcc.x86_64/src/gcc-11.2.0 --prefix=/usr --exec-prefix=/usr --localstatedir=/var --sysconfdir=/etc --docdir=/usr/share/doc/gcc --htmldir=/usr/share/doc/gcc/html -C --build=x86_64-pc-cygwin --host=x86_64-pc-cygwin --target=x86_64-pc-cygwin --without-libiconv-prefix --without-libintl-prefix --libexecdir=/usr/lib --with-gcc-major-version-only --enable-shared --enable-shared-libgcc --enable-static --enable-version-specific-runtime-libs --enable-bootstrap --enable-__cxa_atexit --with-dwarf2 --with-tune=generic --disable-bootstrap --enable-languages=c,c++,fortran,lto,objc,obj-c++,jit --enable-graphite --enable-threads=posix --enable-libatomic --enable-libgomp --enable-libquadmath --enable-libquadmath-support --disable-libssp --enable-libada --disable-symvers --with-gnu-ld --with-gnu-as --with-cloog-include=/usr/include/cloog-isl --without-libiconv-prefix --without-libintl-prefix --with-system-zlib --enable-linker-build-id --with-default-libstdcxx-abi=gcc4-compatible --enable-libstdcxx-filesystem-ts
Thread model: posix
Supported LTO compression algorithms: zlib zstd
gcc version 11.2.0 (GCC) 
COLLECT_GCC_OPTIONS='-v' '-o' 'CMakeFiles/cmTC_f5c7c.dir/CMakeCXXCompilerABI.cpp.o' '-c' '-shared-libgcc' '-mtune=generic' '-march=x86-64' '-dumpdir' 'CMakeFiles/cmTC_f5c7c.dir/'
 /usr/lib/gcc/x86_64-pc-cygwin/11/cc1plus.exe -quiet -v -idirafter /usr/lib/gcc/x86_64-pc-cygwin/11/../../../../lib/../include/w32api -idirafter /usr/lib/gcc/x86_64-pc-cygwin/11/../../../../x86_64-pc-cygwin/lib/../lib/../../include/w32api D:/Program Files (x86)/Microsoft Visual Studio/2019/Community/Common7/IDE/CommonExtensions/Microsoft/CMake/CMake/share/cmake-3.20/Modules/CMakeCXXCompilerABI.cpp -quiet -dumpdir CMakeFiles/cmTC_f5c7c.dir/ -dumpbase CMakeCXXCompilerABI.cpp.cpp -dumpbase-ext .cpp -mtune=generic -march=x86-64 -version -o /cygdrive/c/Users/Administrator/AppData/Local/Temp/ccxhmfHk.s
GNU C++17 (GCC) version 11.2.0 (x86_64-pc-cygwin)
	compiled by GNU C version 11.2.0, GMP version 6.2.1, MPFR version 4.1.0, MPC version 1.2.1, isl version isl-0.24-GMP

GGC heuristics: --param ggc-min-expand=100 --param ggc-min-heapsize=131072
ignoring nonexistent directory "/usr/local/include"
ignoring nonexistent directory "/usr/lib/gcc/x86_64-pc-cygwin/11/include-fixed"
ignoring nonexistent directory "/usr/lib/gcc/x86_64-pc-cygwin/11/../../../../x86_64-pc-cygwin/include"
ignoring duplicate directory "/usr/lib/gcc/x86_64-pc-cygwin/11/../../../../x86_64-pc-cygwin/lib/../lib/../../include/w32api"
#include "..." search starts here:
#include <...> search starts here:
 /usr/lib/gcc/x86_64-pc-cygwin/11/include/c++
 /usr/lib/gcc/x86_64-pc-cygwin/11/include/c++/x86_64-pc-cygwin
 /usr/lib/gcc/x86_64-pc-cygwin/11/include/c++/backward
 /usr/lib/gcc/x86_64-pc-cygwin/11/include
 /usr/include
 /usr/lib/gcc/x86_64-pc-cygwin/11/../../../../lib/../include/w32api
End of search list.
GNU C++17 (GCC) version 11.2.0 (x86_64-pc-cygwin)
	compiled by GNU C version 11.2.0, GMP version 6.2.1, MPFR version 4.1.0, MPC version 1.2.1, isl version isl-0.24-GMP

GGC heuristics: --param ggc-min-expand=100 --param ggc-min-heapsize=131072
Compiler executable checksum: 19a0cbdcb8673ea244059d8f17961e5d
COLLECT_GCC_OPTIONS='-v' '-o' 'CMakeFiles/cmTC_f5c7c.dir/CMakeCXXCompilerABI.cpp.o' '-c' '-shared-libgcc' '-mtune=generic' '-march=x86-64' '-dumpdir' 'CMakeFiles/cmTC_f5c7c.dir/'
 /usr/lib/gcc/x86_64-pc-cygwin/11/../../../../x86_64-pc-cygwin/bin/as.exe -v -o CMakeFiles/cmTC_f5c7c.dir/CMakeCXXCompilerABI.cpp.o /cygdrive/c/Users/Administrator/AppData/Local/Temp/ccxhmfHk.s
GNU assembler version 2.37 (x86_64-pc-cygwin) using BFD version (GNU Binutils) 2.37
COMPILER_PATH=/usr/lib/gcc/x86_64-pc-cygwin/11/:/usr/lib/gcc/x86_64-pc-cygwin/11/:/usr/lib/gcc/x86_64-pc-cygwin/:/usr/lib/gcc/x86_64-pc-cygwin/11/:/usr/lib/gcc/x86_64-pc-cygwin/:/usr/lib/gcc/x86_64-pc-cygwin/11/../../../../x86_64-pc-cygwin/bin/
LIBRARY_PATH=/usr/lib/gcc/x86_64-pc-cygwin/11/:/usr/lib/gcc/x86_64-pc-cygwin/11/../../../../x86_64-pc-cygwin/lib/../lib/:/usr/lib/gcc/x86_64-pc-cygwin/11/../../../../lib/:/lib/../lib/:/usr/lib/../lib/:/usr/lib/gcc/x86_64-pc-cygwin/11/../../../../x86_64-pc-cygwin/lib/:/usr/lib/gcc/x86_64-pc-cygwin/11/../../../:/lib/:/usr/lib/
COLLECT_GCC_OPTIONS='-v' '-o' 'CMakeFiles/cmTC_f5c7c.dir/CMakeCXXCompilerABI.cpp.o' '-c' '-shared-libgcc' '-mtune=generic' '-march=x86-64' '-dumpdir' 'CMakeFiles/cmTC_f5c7c.dir/CMakeCXXCompilerABI.cpp.'
Linking CXX executable cmTC_f5c7c.exe
"D:/Program Files (x86)/Microsoft Visual Studio/2019/Community/Common7/IDE/CommonExtensions/Microsoft/CMake/CMake/bin/cmake.exe" -E rm -f CMakeFiles/cmTC_f5c7c.dir/objects.a
D:/cygwin64/bin/ar.exe cr CMakeFiles/cmTC_f5c7c.dir/objects.a @CMakeFiles/cmTC_f5c7c.dir/objects1.rsp
D:/cygwin64/bin/c++.exe  -v -Wl,--whole-archive CMakeFiles/cmTC_f5c7c.dir/objects.a -Wl,--no-whole-archive -o cmTC_f5c7c.exe -Wl,--out-implib,libcmTC_f5c7c.dll.a -Wl,--major-image-version,0,--minor-image-version,0 
Using built-in specs.
COLLECT_GCC=D:/cygwin64/bin/c++
COLLECT_LTO_WRAPPER=/usr/lib/gcc/x86_64-pc-cygwin/11/lto-wrapper.exe
Target: x86_64-pc-cygwin
Configured with: /mnt/share/cygpkgs/gcc/gcc.x86_64/src/gcc-11.2.0/configure --srcdir=/mnt/share/cygpkgs/gcc/gcc.x86_64/src/gcc-11.2.0 --prefix=/usr --exec-prefix=/usr --localstatedir=/var --sysconfdir=/etc --docdir=/usr/share/doc/gcc --htmldir=/usr/share/doc/gcc/html -C --build=x86_64-pc-cygwin --host=x86_64-pc-cygwin --target=x86_64-pc-cygwin --without-libiconv-prefix --without-libintl-prefix --libexecdir=/usr/lib --with-gcc-major-version-only --enable-shared --enable-shared-libgcc --enable-static --enable-version-specific-runtime-libs --enable-bootstrap --enable-__cxa_atexit --with-dwarf2 --with-tune=generic --disable-bootstrap --enable-languages=c,c++,fortran,lto,objc,obj-c++,jit --enable-graphite --enable-threads=posix --enable-libatomic --enable-libgomp --enable-libquadmath --enable-libquadmath-support --disable-libssp --enable-libada --disable-symvers --with-gnu-ld --with-gnu-as --with-cloog-include=/usr/include/cloog-isl --without-libiconv-prefix --without-libintl-prefix --with-system-zlib --enable-linker-build-id --with-default-libstdcxx-abi=gcc4-compatible --enable-libstdcxx-filesystem-ts
Thread model: posix
Supported LTO compression algorithms: zlib zstd
gcc version 11.2.0 (GCC) 
COMPILER_PATH=/usr/lib/gcc/x86_64-pc-cygwin/11/:/usr/lib/gcc/x86_64-pc-cygwin/11/:/usr/lib/gcc/x86_64-pc-cygwin/:/usr/lib/gcc/x86_64-pc-cygwin/11/:/usr/lib/gcc/x86_64-pc-cygwin/:/usr/lib/gcc/x86_64-pc-cygwin/11/../../../../x86_64-pc-cygwin/bin/
LIBRARY_PATH=/usr/lib/gcc/x86_64-pc-cygwin/11/:/usr/lib/gcc/x86_64-pc-cygwin/11/../../../../x86_64-pc-cygwin/lib/../lib/:/usr/lib/gcc/x86_64-pc-cygwin/11/../../../../lib/:/lib/../lib/:/usr/lib/../lib/:/usr/lib/gcc/x86_64-pc-cygwin/11/../../../../x86_64-pc-cygwin/lib/:/usr/lib/gcc/x86_64-pc-cygwin/11/../../../:/lib/:/usr/lib/
COLLECT_GCC_OPTIONS='-v' '-o' 'cmTC_f5c7c.exe' '-shared-libgcc' '-mtune=generic' '-march=x86-64' '-dumpdir' 'cmTC_f5c7c.'
 /usr/lib/gcc/x86_64-pc-cygwin/11/collect2.exe -plugin /usr/lib/gcc/x86_64-pc-cygwin/11/cyglto_plugin.dll -plugin-opt=/usr/lib/gcc/x86_64-pc-cygwin/11/lto-wrapper.exe -plugin-opt=-fresolution=/cygdrive/c/Users/Administrator/AppData/Local/Temp/ccJF8gSu.res -plugin-opt=-pass-through=-lgcc_s -plugin-opt=-pass-through=-lgcc -plugin-opt=-pass-through=-lcygwin -plugin-opt=-pass-through=-ladvapi32 -plugin-opt=-pass-through=-lshell32 -plugin-opt=-pass-through=-luser32 -plugin-opt=-pass-through=-lkernel32 -plugin-opt=-pass-through=-lgcc_s -plugin-opt=-pass-through=-lgcc --build-id -m i386pep --wrap _Znwm --wrap _Znam --wrap _ZdlPv --wrap _ZdaPv --wrap _ZnwmRKSt9nothrow_t --wrap _ZnamRKSt9nothrow_t --wrap _ZdlPvRKSt9nothrow_t --wrap _ZdaPvRKSt9nothrow_t -Bdynamic --dll-search-prefix=cyg --tsaware -o cmTC_f5c7c.exe /usr/lib/gcc/x86_64-pc-cygwin/11/../../../../lib/crt0.o /usr/lib/gcc/x86_64-pc-cygwin/11/crtbegin.o -L/usr/lib/gcc/x86_64-pc-cygwin/11 -L/usr/lib/gcc/x86_64-pc-cygwin/11/../../../../x86_64-pc-cygwin/lib/../lib -L/usr/lib/gcc/x86_64-pc-cygwin/11/../../../../lib -L/lib/../lib -L/usr/lib/../lib -L/usr/lib/gcc/x86_64-pc-cygwin/11/../../../../x86_64-pc-cygwin/lib -L/usr/lib/gcc/x86_64-pc-cygwin/11/../../.. --whole-archive CMakeFiles/cmTC_f5c7c.dir/objects.a --no-whole-archive --out-implib libcmTC_f5c7c.dll.a --major-image-version 0 --minor-image-version 0 -lstdc++ -lgcc_s -lgcc -lcygwin -ladvapi32 -lshell32 -luser32 -lkernel32 -lgcc_s -lgcc /usr/lib/gcc/x86_64-pc-cygwin/11/../../../../lib/default-manifest.o /usr/lib/gcc/x86_64-pc-cygwin/11/crtend.o
COLLECT_GCC_OPTIONS='-v' '-o' 'cmTC_f5c7c.exe' '-shared-libgcc' '-mtune=generic' '-march=x86-64' '-dumpdir' 'cmTC_f5c7c.'
make[1]: Leaving directory '/cygdrive/e/0_github/self/Algorithms_and_data_structures/build/CMakeFiles/CMakeTmp'



Parsed CXX implicit include dir info from above output: rv=done
  found start of include info
  found start of implicit include info
    add: [/usr/lib/gcc/x86_64-pc-cygwin/11/include/c++]
    add: [/usr/lib/gcc/x86_64-pc-cygwin/11/include/c++/x86_64-pc-cygwin]
    add: [/usr/lib/gcc/x86_64-pc-cygwin/11/include/c++/backward]
    add: [/usr/lib/gcc/x86_64-pc-cygwin/11/include]
    add: [/usr/include]
    add: [/usr/lib/gcc/x86_64-pc-cygwin/11/../../../../lib/../include/w32api]
  end of search list found
  collapse include dir [/usr/lib/gcc/x86_64-pc-cygwin/11/include/c++] ==> [/usr/lib/gcc/x86_64-pc-cygwin/11/include/c++]
  collapse include dir [/usr/lib/gcc/x86_64-pc-cygwin/11/include/c++/x86_64-pc-cygwin] ==> [/usr/lib/gcc/x86_64-pc-cygwin/11/include/c++/x86_64-pc-cygwin]
  collapse include dir [/usr/lib/gcc/x86_64-pc-cygwin/11/include/c++/backward] ==> [/usr/lib/gcc/x86_64-pc-cygwin/11/include/c++/backward]
  collapse include dir [/usr/lib/gcc/x86_64-pc-cygwin/11/include] ==> [/usr/lib/gcc/x86_64-pc-cygwin/11/include]
  collapse include dir [/usr/include] ==> [/usr/include]
  collapse include dir [/usr/lib/gcc/x86_64-pc-cygwin/11/../../../../lib/../include/w32api] ==> [/usr/include/w32api]
  implicit include dirs: [/usr/lib/gcc/x86_64-pc-cygwin/11/include/c++;/usr/lib/gcc/x86_64-pc-cygwin/11/include/c++/x86_64-pc-cygwin;/usr/lib/gcc/x86_64-pc-cygwin/11/include/c++/backward;/usr/lib/gcc/x86_64-pc-cygwin/11/include;/usr/include;/usr/include/w32api]


Parsed CXX implicit link information from above output:
  link line regex: [^( *|.*[/\])(ld\.exe|CMAKE_LINK_STARTFILE-NOTFOUND|([^/\]+-)?ld|collect2)[^/\]*( |$)]
  ignore line: [Change Dir: E:/0_github/self/Algorithms_and_data_structures/build/CMakeFiles/CMakeTmp]
  ignore line: []
  ignore line: [Run Build Command(s):D:/cygwin64/bin/make.exe -f Makefile cmTC_f5c7c/fast && /usr/bin/make  -f CMakeFiles/cmTC_f5c7c.dir/build.make CMakeFiles/cmTC_f5c7c.dir/build]
  ignore line: [make[1]: Entering directory '/cygdrive/e/0_github/self/Algorithms_and_data_structures/build/CMakeFiles/CMakeTmp']
  ignore line: [Building CXX object CMakeFiles/cmTC_f5c7c.dir/CMakeCXXCompilerABI.cpp.o]
  ignore line: [D:/cygwin64/bin/c++.exe   -v -o CMakeFiles/cmTC_f5c7c.dir/CMakeCXXCompilerABI.cpp.o -c "D:/Program Files (x86)/Microsoft Visual Studio/2019/Community/Common7/IDE/CommonExtensions/Microsoft/CMake/CMake/share/cmake-3.20/Modules/CMakeCXXCompilerABI.cpp"]
  ignore line: [Using built-in specs.]
  ignore line: [COLLECT_GCC=D:/cygwin64/bin/c++]
  ignore line: [Target: x86_64-pc-cygwin]
  ignore line: [Configured with: /mnt/share/cygpkgs/gcc/gcc.x86_64/src/gcc-11.2.0/configure --srcdir=/mnt/share/cygpkgs/gcc/gcc.x86_64/src/gcc-11.2.0 --prefix=/usr --exec-prefix=/usr --localstatedir=/var --sysconfdir=/etc --docdir=/usr/share/doc/gcc --htmldir=/usr/share/doc/gcc/html -C --build=x86_64-pc-cygwin --host=x86_64-pc-cygwin --target=x86_64-pc-cygwin --without-libiconv-prefix --without-libintl-prefix --libexecdir=/usr/lib --with-gcc-major-version-only --enable-shared --enable-shared-libgcc --enable-static --enable-version-specific-runtime-libs --enable-bootstrap --enable-__cxa_atexit --with-dwarf2 --with-tune=generic --disable-bootstrap --enable-languages=c,c++,fortran,lto,objc,obj-c++,jit --enable-graphite --enable-threads=posix --enable-libatomic --enable-libgomp --enable-libquadmath --enable-libquadmath-support --disable-libssp --enable-libada --disable-symvers --with-gnu-ld --with-gnu-as --with-cloog-include=/usr/include/cloog-isl --without-libiconv-prefix --without-libintl-prefix --with-system-zlib --enable-linker-build-id --with-default-libstdcxx-abi=gcc4-compatible --enable-libstdcxx-filesystem-ts]
  ignore line: [Thread model: posix]
  ignore line: [Supported LTO compression algorithms: zlib zstd]
  ignore line: [gcc version 11.2.0 (GCC) ]
  ignore line: [COLLECT_GCC_OPTIONS='-v' '-o' 'CMakeFiles/cmTC_f5c7c.dir/CMakeCXXCompilerABI.cpp.o' '-c' '-shared-libgcc' '-mtune=generic' '-march=x86-64' '-dumpdir' 'CMakeFiles/cmTC_f5c7c.dir/']
  ignore line: [ /usr/lib/gcc/x86_64-pc-cygwin/11/cc1plus.exe -quiet -v -idirafter /usr/lib/gcc/x86_64-pc-cygwin/11/../../../../lib/../include/w32api -idirafter /usr/lib/gcc/x86_64-pc-cygwin/11/../../../../x86_64-pc-cygwin/lib/../lib/../../include/w32api D:/Program Files (x86)/Microsoft Visual Studio/2019/Community/Common7/IDE/CommonExtensions/Microsoft/CMake/CMake/share/cmake-3.20/Modules/CMakeCXXCompilerABI.cpp -quiet -dumpdir CMakeFiles/cmTC_f5c7c.dir/ -dumpbase CMakeCXXCompilerABI.cpp.cpp -dumpbase-ext .cpp -mtune=generic -march=x86-64 -version -o /cygdrive/c/Users/Administrator/AppData/Local/Temp/ccxhmfHk.s]
  ignore line: [GNU C++17 (GCC) version 11.2.0 (x86_64-pc-cygwin)]
  ignore line: [	compiled by GNU C version 11.2.0  GMP version 6.2.1  MPFR version 4.1.0  MPC version 1.2.1  isl version isl-0.24-GMP]
  ignore line: []
  ignore line: [GGC heuristics: --param ggc-min-expand=100 --param ggc-min-heapsize=131072]
  ignore line: [ignoring nonexistent directory "/usr/local/include"]
  ignore line: [ignoring nonexistent directory "/usr/lib/gcc/x86_64-pc-cygwin/11/include-fixed"]
  ignore line: [ignoring nonexistent directory "/usr/lib/gcc/x86_64-pc-cygwin/11/../../../../x86_64-pc-cygwin/include"]
  ignore line: [ignoring duplicate directory "/usr/lib/gcc/x86_64-pc-cygwin/11/../../../../x86_64-pc-cygwin/lib/../lib/../../include/w32api"]
  ignore line: [#include "..." search starts here:]
  ignore line: [#include <...> search starts here:]
  ignore line: [ /usr/lib/gcc/x86_64-pc-cygwin/11/include/c++]
  ignore line: [ /usr/lib/gcc/x86_64-pc-cygwin/11/include/c++/x86_64-pc-cygwin]
  ignore line: [ /usr/lib/gcc/x86_64-pc-cygwin/11/include/c++/backward]
  ignore line: [ /usr/lib/gcc/x86_64-pc-cygwin/11/include]
  ignore line: [ /usr/include]
  ignore line: [ /usr/lib/gcc/x86_64-pc-cygwin/11/../../../../lib/../include/w32api]
  ignore line: [End of search list.]
  ignore line: [GNU C++17 (GCC) version 11.2.0 (x86_64-pc-cygwin)]
  ignore line: [	compiled by GNU C version 11.2.0  GMP version 6.2.1  MPFR version 4.1.0  MPC version 1.2.1  isl version isl-0.24-GMP]
  ignore line: []
  ignore line: [GGC heuristics: --param ggc-min-expand=100 --param ggc-min-heapsize=131072]
  ignore line: [Compiler executable checksum: 19a0cbdcb8673ea244059d8f17961e5d]
  ignore line: [COLLECT_GCC_OPTIONS='-v' '-o' 'CMakeFiles/cmTC_f5c7c.dir/CMakeCXXCompilerABI.cpp.o' '-c' '-shared-libgcc' '-mtune=generic' '-march=x86-64' '-dumpdir' 'CMakeFiles/cmTC_f5c7c.dir/']
  ignore line: [ /usr/lib/gcc/x86_64-pc-cygwin/11/../../../../x86_64-pc-cygwin/bin/as.exe -v -o CMakeFiles/cmTC_f5c7c.dir/CMakeCXXCompilerABI.cpp.o /cygdrive/c/Users/Administrator/AppData/Local/Temp/ccxhmfHk.s]
  ignore line: [GNU assembler version 2.37 (x86_64-pc-cygwin) using BFD version (GNU Binutils) 2.37]
  ignore line: [COMPILER_PATH=/usr/lib/gcc/x86_64-pc-cygwin/11/:/usr/lib/gcc/x86_64-pc-cygwin/11/:/usr/lib/gcc/x86_64-pc-cygwin/:/usr/lib/gcc/x86_64-pc-cygwin/11/:/usr/lib/gcc/x86_64-pc-cygwin/:/usr/lib/gcc/x86_64-pc-cygwin/11/../../../../x86_64-pc-cygwin/bin/]
  ignore line: [LIBRARY_PATH=/usr/lib/gcc/x86_64-pc-cygwin/11/:/usr/lib/gcc/x86_64-pc-cygwin/11/../../../../x86_64-pc-cygwin/lib/../lib/:/usr/lib/gcc/x86_64-pc-cygwin/11/../../../../lib/:/lib/../lib/:/usr/lib/../lib/:/usr/lib/gcc/x86_64-pc-cygwin/11/../../../../x86_64-pc-cygwin/lib/:/usr/lib/gcc/x86_64-pc-cygwin/11/../../../:/lib/:/usr/lib/]
  ignore line: [COLLECT_GCC_OPTIONS='-v' '-o' 'CMakeFiles/cmTC_f5c7c.dir/CMakeCXXCompilerABI.cpp.o' '-c' '-shared-libgcc' '-mtune=generic' '-march=x86-64' '-dumpdir' 'CMakeFiles/cmTC_f5c7c.dir/CMakeCXXCompilerABI.cpp.']
  ignore line: [Linking CXX executable cmTC_f5c7c.exe]
  ignore line: ["D:/Program Files (x86)/Microsoft Visual Studio/2019/Community/Common7/IDE/CommonExtensions/Microsoft/CMake/CMake/bin/cmake.exe" -E rm -f CMakeFiles/cmTC_f5c7c.dir/objects.a]
  ignore line: [D:/cygwin64/bin/ar.exe cr CMakeFiles/cmTC_f5c7c.dir/objects.a @CMakeFiles/cmTC_f5c7c.dir/objects1.rsp]
  ignore line: [D:/cygwin64/bin/c++.exe  -v -Wl --whole-archive CMakeFiles/cmTC_f5c7c.dir/objects.a -Wl --no-whole-archive -o cmTC_f5c7c.exe -Wl --out-implib libcmTC_f5c7c.dll.a -Wl --major-image-version 0 --minor-image-version 0 ]
  ignore line: [Using built-in specs.]
  ignore line: [COLLECT_GCC=D:/cygwin64/bin/c++]
  ignore line: [COLLECT_LTO_WRAPPER=/usr/lib/gcc/x86_64-pc-cygwin/11/lto-wrapper.exe]
  ignore line: [Target: x86_64-pc-cygwin]
  ignore line: [Configured with: /mnt/share/cygpkgs/gcc/gcc.x86_64/src/gcc-11.2.0/configure --srcdir=/mnt/share/cygpkgs/gcc/gcc.x86_64/src/gcc-11.2.0 --prefix=/usr --exec-prefix=/usr --localstatedir=/var --sysconfdir=/etc --docdir=/usr/share/doc/gcc --htmldir=/usr/share/doc/gcc/html -C --build=x86_64-pc-cygwin --host=x86_64-pc-cygwin --target=x86_64-pc-cygwin --without-libiconv-prefix --without-libintl-prefix --libexecdir=/usr/lib --with-gcc-major-version-only --enable-shared --enable-shared-libgcc --enable-static --enable-version-specific-runtime-libs --enable-bootstrap --enable-__cxa_atexit --with-dwarf2 --with-tune=generic --disable-bootstrap --enable-languages=c,c++,fortran,lto,objc,obj-c++,jit --enable-graphite --enable-threads=posix --enable-libatomic --enable-libgomp --enable-libquadmath --enable-libquadmath-support --disable-libssp --enable-libada --disable-symvers --with-gnu-ld --with-gnu-as --with-cloog-include=/usr/include/cloog-isl --without-libiconv-prefix --without-libintl-prefix --with-system-zlib --enable-linker-build-id --with-default-libstdcxx-abi=gcc4-compatible --enable-libstdcxx-filesystem-ts]
  ignore line: [Thread model: posix]
  ignore line: [Supported LTO compression algorithms: zlib zstd]
  ignore line: [gcc version 11.2.0 (GCC) ]
  ignore line: [COMPILER_PATH=/usr/lib/gcc/x86_64-pc-cygwin/11/:/usr/lib/gcc/x86_64-pc-cygwin/11/:/usr/lib/gcc/x86_64-pc-cygwin/:/usr/lib/gcc/x86_64-pc-cygwin/11/:/usr/lib/gcc/x86_64-pc-cygwin/:/usr/lib/gcc/x86_64-pc-cygwin/11/../../../../x86_64-pc-cygwin/bin/]
  ignore line: [LIBRARY_PATH=/usr/lib/gcc/x86_64-pc-cygwin/11/:/usr/lib/gcc/x86_64-pc-cygwin/11/../../../../x86_64-pc-cygwin/lib/../lib/:/usr/lib/gcc/x86_64-pc-cygwin/11/../../../../lib/:/lib/../lib/:/usr/lib/../lib/:/usr/lib/gcc/x86_64-pc-cygwin/11/../../../../x86_64-pc-cygwin/lib/:/usr/lib/gcc/x86_64-pc-cygwin/11/../../../:/lib/:/usr/lib/]
  ignore line: [COLLECT_GCC_OPTIONS='-v' '-o' 'cmTC_f5c7c.exe' '-shared-libgcc' '-mtune=generic' '-march=x86-64' '-dumpdir' 'cmTC_f5c7c.']
  link line: [ /usr/lib/gcc/x86_64-pc-cygwin/11/collect2.exe -plugin /usr/lib/gcc/x86_64-pc-cygwin/11/cyglto_plugin.dll -plugin-opt=/usr/lib/gcc/x86_64-pc-cygwin/11/lto-wrapper.exe -plugin-opt=-fresolution=/cygdrive/c/Users/Administrator/AppData/Local/Temp/ccJF8gSu.res -plugin-opt=-pass-through=-lgcc_s -plugin-opt=-pass-through=-lgcc -plugin-opt=-pass-through=-lcygwin -plugin-opt=-pass-through=-ladvapi32 -plugin-opt=-pass-through=-lshell32 -plugin-opt=-pass-through=-luser32 -plugin-opt=-pass-through=-lkernel32 -plugin-opt=-pass-through=-lgcc_s -plugin-opt=-pass-through=-lgcc --build-id -m i386pep --wrap _Znwm --wrap _Znam --wrap _ZdlPv --wrap _ZdaPv --wrap _ZnwmRKSt9nothrow_t --wrap _ZnamRKSt9nothrow_t --wrap _ZdlPvRKSt9nothrow_t --wrap _ZdaPvRKSt9nothrow_t -Bdynamic --dll-search-prefix=cyg --tsaware -o cmTC_f5c7c.exe /usr/lib/gcc/x86_64-pc-cygwin/11/../../../../lib/crt0.o /usr/lib/gcc/x86_64-pc-cygwin/11/crtbegin.o -L/usr/lib/gcc/x86_64-pc-cygwin/11 -L/usr/lib/gcc/x86_64-pc-cygwin/11/../../../../x86_64-pc-cygwin/lib/../lib -L/usr/lib/gcc/x86_64-pc-cygwin/11/../../../../lib -L/lib/../lib -L/usr/lib/../lib -L/usr/lib/gcc/x86_64-pc-cygwin/11/../../../../x86_64-pc-cygwin/lib -L/usr/lib/gcc/x86_64-pc-cygwin/11/../../.. --whole-archive CMakeFiles/cmTC_f5c7c.dir/objects.a --no-whole-archive --out-implib libcmTC_f5c7c.dll.a --major-image-version 0 --minor-image-version 0 -lstdc++ -lgcc_s -lgcc -lcygwin -ladvapi32 -lshell32 -luser32 -lkernel32 -lgcc_s -lgcc /usr/lib/gcc/x86_64-pc-cygwin/11/../../../../lib/default-manifest.o /usr/lib/gcc/x86_64-pc-cygwin/11/crtend.o]
    arg [/usr/lib/gcc/x86_64-pc-cygwin/11/collect2.exe] ==> ignore
    arg [-plugin] ==> ignore
    arg [/usr/lib/gcc/x86_64-pc-cygwin/11/cyglto_plugin.dll] ==> ignore
    arg [-plugin-opt=/usr/lib/gcc/x86_64-pc-cygwin/11/lto-wrapper.exe] ==> ignore
    arg [-plugin-opt=-fresolution=/cygdrive/c/Users/Administrator/AppData/Local/Temp/ccJF8gSu.res] ==> ignore
    arg [-plugin-opt=-pass-through=-lgcc_s] ==> ignore
    arg [-plugin-opt=-pass-through=-lgcc] ==> ignore
    arg [-plugin-opt=-pass-through=-lcygwin] ==> ignore
    arg [-plugin-opt=-pass-through=-ladvapi32] ==> ignore
    arg [-plugin-opt=-pass-through=-lshell32] ==> ignore
    arg [-plugin-opt=-pass-through=-luser32] ==> ignore
    arg [-plugin-opt=-pass-through=-lkernel32] ==> ignore
    arg [-plugin-opt=-pass-through=-lgcc_s] ==> ignore
    arg [-plugin-opt=-pass-through=-lgcc] ==> ignore
    arg [--build-id] ==> ignore
    arg [-m] ==> ignore
    arg [i386pep] ==> ignore
    arg [--wrap] ==> ignore
    arg [_Znwm] ==> ignore
    arg [--wrap] ==> ignore
    arg [_Znam] ==> ignore
    arg [--wrap] ==> ignore
    arg [_ZdlPv] ==> ignore
    arg [--wrap] ==> ignore
    arg [_ZdaPv] ==> ignore
    arg [--wrap] ==> ignore
    arg [_ZnwmRKSt9nothrow_t] ==> ignore
    arg [--wrap] ==> ignore
    arg [_ZnamRKSt9nothrow_t] ==> ignore
    arg [--wrap] ==> ignore
    arg [_ZdlPvRKSt9nothrow_t] ==> ignore
    arg [--wrap] ==> ignore
    arg [_ZdaPvRKSt9nothrow_t] ==> ignore
    arg [-Bdynamic] ==> ignore
    arg [--dll-search-prefix=cyg] ==> ignore
    arg [--tsaware] ==> ignore
    arg [-o] ==> ignore
    arg [cmTC_f5c7c.exe] ==> ignore
    arg [/usr/lib/gcc/x86_64-pc-cygwin/11/../../../../lib/crt0.o] ==> ignore
    arg [/usr/lib/gcc/x86_64-pc-cygwin/11/crtbegin.o] ==> ignore
    arg [-L/usr/lib/gcc/x86_64-pc-cygwin/11] ==> dir [/usr/lib/gcc/x86_64-pc-cygwin/11]
    arg [-L/usr/lib/gcc/x86_64-pc-cygwin/11/../../../../x86_64-pc-cygwin/lib/../lib] ==> dir [/usr/lib/gcc/x86_64-pc-cygwin/11/../../../../x86_64-pc-cygwin/lib/../lib]
    arg [-L/usr/lib/gcc/x86_64-pc-cygwin/11/../../../../lib] ==> dir [/usr/lib/gcc/x86_64-pc-cygwin/11/../../../../lib]
    arg [-L/lib/../lib] ==> dir [/lib/../lib]
    arg [-L/usr/lib/../lib] ==> dir [/usr/lib/../lib]
    arg [-L/usr/lib/gcc/x86_64-pc-cygwin/11/../../../../x86_64-pc-cygwin/lib] ==> dir [/usr/lib/gcc/x86_64-pc-cygwin/11/../../../../x86_64-pc-cygwin/lib]
    arg [-L/usr/lib/gcc/x86_64-pc-cygwin/11/../../..] ==> dir [/usr/lib/gcc/x86_64-pc-cygwin/11/../../..]
    arg [--whole-archive] ==> ignore
    arg [CMakeFiles/cmTC_f5c7c.dir/objects.a] ==> ignore
    arg [--no-whole-archive] ==> ignore
    arg [--out-implib] ==> ignore
    arg [libcmTC_f5c7c.dll.a] ==> ignore
    arg [--major-image-version] ==> ignore
    arg [0] ==> ignore
    arg [--minor-image-version] ==> ignore
    arg [0] ==> ignore
    arg [-lstdc++] ==> lib [stdc++]
    arg [-lgcc_s] ==> lib [gcc_s]
    arg [-lgcc] ==> lib [gcc]
    arg [-lcygwin] ==> lib [cygwin]
    arg [-ladvapi32] ==> lib [advapi32]
    arg [-lshell32] ==> lib [shell32]
    arg [-luser32] ==> lib [user32]
    arg [-lkernel32] ==> lib [kernel32]
    arg [-lgcc_s] ==> lib [gcc_s]
    arg [-lgcc] ==> lib [gcc]
    arg [/usr/lib/gcc/x86_64-pc-cygwin/11/../../../../lib/default-manifest.o] ==> ignore
    arg [/usr/lib/gcc/x86_64-pc-cygwin/11/crtend.o] ==> ignore
  collapse library dir [/usr/lib/gcc/x86_64-pc-cygwin/11] ==> [/usr/lib/gcc/x86_64-pc-cygwin/11]
  collapse library dir [/usr/lib/gcc/x86_64-pc-cygwin/11/../../../../x86_64-pc-cygwin/lib/../lib] ==> [/usr/x86_64-pc-cygwin/lib]
  collapse library dir [/usr/lib/gcc/x86_64-pc-cygwin/11/../../../../lib] ==> [/usr/lib]
  collapse library dir [/lib/../lib] ==> [/lib]
  collapse library dir [/usr/lib/../lib] ==> [/usr/lib]
  collapse library dir [/usr/lib/gcc/x86_64-pc-cygwin/11/../../../../x86_64-pc-cygwin/lib] ==> [/usr/x86_64-pc-cygwin/lib]
  collapse library dir [/usr/lib/gcc/x86_64-pc-cygwin/11/../../..] ==> [/usr/lib]
  implicit libs: [stdc++;gcc_s;gcc;cygwin;advapi32;shell32;user32;kernel32;gcc_s;gcc]
  implicit dirs: [/usr/lib/gcc/x86_64-pc-cygwin/11;/usr/x86_64-pc-cygwin/lib;/usr/lib;/lib]
  implicit fwks: []


